Analysis & Synthesis report for chattering
Thu Apr 15 15:33:50 2021
Quartus Prime Version 17.1.0 Build 590 10/25/2017 SJ Lite Edition


---------------------
; Table of Contents ;
---------------------
  1. Legal Notice
  2. Analysis & Synthesis Summary
  3. Analysis & Synthesis Settings
  4. Parallel Compilation
  5. Analysis & Synthesis Source Files Read
  6. Analysis & Synthesis Resource Usage Summary
  7. Analysis & Synthesis Resource Utilization by Entity
  8. Registers Removed During Synthesis
  9. General Register Statistics
 10. Post-Synthesis Netlist Statistics for Top Partition
 11. Elapsed Time Per Partition
 12. Analysis & Synthesis Messages
 13. Analysis & Synthesis Suppressed Messages



----------------
; Legal Notice ;
----------------
Copyright (C) 2017  Intel Corporation. All rights reserved.
Your use of Intel Corporation's design tools, logic functions 
and other software and tools, and its AMPP partner logic 
functions, and any output files from any of the foregoing 
(including device programming or simulation files), and any 
associated documentation or information are expressly subject 
to the terms and conditions of the Intel Program License 
Subscription Agreement, the Intel Quartus Prime License Agreement,
the Intel FPGA IP License Agreement, or other applicable license
agreement, including, without limitation, that your use is for
the sole purpose of programming logic devices manufactured by
Intel and sold by Intel or its authorized distributors.  Please
refer to the applicable agreement for further details.



+----------------------------------------------------------------------------------+
; Analysis & Synthesis Summary                                                     ;
+------------------------------------+---------------------------------------------+
; Analysis & Synthesis Status        ; Successful - Thu Apr 15 15:33:50 2021       ;
; Quartus Prime Version              ; 17.1.0 Build 590 10/25/2017 SJ Lite Edition ;
; Revision Name                      ; chattering                                  ;
; Top-level Entity Name              ; chattering                                  ;
; Family                             ; Cyclone IV E                                ;
; Total logic elements               ; 79                                          ;
;     Total combinational functions  ; 79                                          ;
;     Dedicated logic registers      ; 43                                          ;
; Total registers                    ; 43                                          ;
; Total pins                         ; 16                                          ;
; Total virtual pins                 ; 0                                           ;
; Total memory bits                  ; 0                                           ;
; Embedded Multiplier 9-bit elements ; 0                                           ;
; Total PLLs                         ; 0                                           ;
+------------------------------------+---------------------------------------------+


+----------------------------------------------------------------------------------------------------------------------+
; Analysis & Synthesis Settings                                                                                        ;
+----------------------------------------------------------------------------+--------------------+--------------------+
; Option                                                                     ; Setting            ; Default Value      ;
+----------------------------------------------------------------------------+--------------------+--------------------+
; Device                                                                     ; EP4CE30F23I7       ;                    ;
; Top-level entity name                                                      ; chattering         ; chattering         ;
; Family name                                                                ; Cyclone IV E       ; Cyclone V          ;
; Use smart compilation                                                      ; Off                ; Off                ;
; Enable parallel Assembler and TimeQuest Timing Analyzer during compilation ; On                 ; On                 ;
; Enable compact report table                                                ; Off                ; Off                ;
; Restructure Multiplexers                                                   ; Auto               ; Auto               ;
; Create Debugging Nodes for IP Cores                                        ; Off                ; Off                ;
; Preserve fewer node names                                                  ; On                 ; On                 ;
; Intel FPGA IP Evaluation Mode                                              ; Enable             ; Enable             ;
; Verilog Version                                                            ; Verilog_2001       ; Verilog_2001       ;
; VHDL Version                                                               ; VHDL_1993          ; VHDL_1993          ;
; State Machine Processing                                                   ; Auto               ; Auto               ;
; Safe State Machine                                                         ; Off                ; Off                ;
; Extract Verilog State Machines                                             ; On                 ; On                 ;
; Extract VHDL State Machines                                                ; On                 ; On                 ;
; Ignore Verilog initial constructs                                          ; Off                ; Off                ;
; Iteration limit for constant Verilog loops                                 ; 5000               ; 5000               ;
; Iteration limit for non-constant Verilog loops                             ; 250                ; 250                ;
; Add Pass-Through Logic to Inferred RAMs                                    ; On                 ; On                 ;
; Infer RAMs from Raw Logic                                                  ; On                 ; On                 ;
; Parallel Synthesis                                                         ; On                 ; On                 ;
; DSP Block Balancing                                                        ; Auto               ; Auto               ;
; NOT Gate Push-Back                                                         ; On                 ; On                 ;
; Power-Up Don't Care                                                        ; On                 ; On                 ;
; Remove Redundant Logic Cells                                               ; Off                ; Off                ;
; Remove Duplicate Registers                                                 ; On                 ; On                 ;
; Ignore CARRY Buffers                                                       ; Off                ; Off                ;
; Ignore CASCADE Buffers                                                     ; Off                ; Off                ;
; Ignore GLOBAL Buffers                                                      ; Off                ; Off                ;
; Ignore ROW GLOBAL Buffers                                                  ; Off                ; Off                ;
; Ignore LCELL Buffers                                                       ; Off                ; Off                ;
; Ignore SOFT Buffers                                                        ; On                 ; On                 ;
; Limit AHDL Integers to 32 Bits                                             ; Off                ; Off                ;
; Optimization Technique                                                     ; Balanced           ; Balanced           ;
; Carry Chain Length                                                         ; 70                 ; 70                 ;
; Auto Carry Chains                                                          ; On                 ; On                 ;
; Auto Open-Drain Pins                                                       ; On                 ; On                 ;
; Perform WYSIWYG Primitive Resynthesis                                      ; Off                ; Off                ;
; Auto ROM Replacement                                                       ; On                 ; On                 ;
; Auto RAM Replacement                                                       ; On                 ; On                 ;
; Auto DSP Block Replacement                                                 ; On                 ; On                 ;
; Auto Shift Register Replacement                                            ; Auto               ; Auto               ;
; Allow Shift Register Merging across Hierarchies                            ; Auto               ; Auto               ;
; Auto Clock Enable Replacement                                              ; On                 ; On                 ;
; Strict RAM Replacement                                                     ; Off                ; Off                ;
; Allow Synchronous Control Signals                                          ; On                 ; On                 ;
; Force Use of Synchronous Clear Signals                                     ; Off                ; Off                ;
; Auto RAM Block Balancing                                                   ; On                 ; On                 ;
; Auto RAM to Logic Cell Conversion                                          ; Off                ; Off                ;
; Auto Resource Sharing                                                      ; Off                ; Off                ;
; Allow Any RAM Size For Recognition                                         ; Off                ; Off                ;
; Allow Any ROM Size For Recognition                                         ; Off                ; Off                ;
; Allow Any Shift Register Size For Recognition                              ; Off                ; Off                ;
; Use LogicLock Constraints during Resource Balancing                        ; On                 ; On                 ;
; Ignore translate_off and synthesis_off directives                          ; Off                ; Off                ;
; Timing-Driven Synthesis                                                    ; On                 ; On                 ;
; Report Parameter Settings                                                  ; On                 ; On                 ;
; Report Source Assignments                                                  ; On                 ; On                 ;
; Report Connectivity Checks                                                 ; On                 ; On                 ;
; Ignore Maximum Fan-Out Assignments                                         ; Off                ; Off                ;
; Synchronization Register Chain Length                                      ; 2                  ; 2                  ;
; Power Optimization During Synthesis                                        ; Normal compilation ; Normal compilation ;
; HDL message level                                                          ; Level2             ; Level2             ;
; Suppress Register Optimization Related Messages                            ; Off                ; Off                ;
; Number of Removed Registers Reported in Synthesis Report                   ; 5000               ; 5000               ;
; Number of Swept Nodes Reported in Synthesis Report                         ; 5000               ; 5000               ;
; Number of Inverted Registers Reported in Synthesis Report                  ; 100                ; 100                ;
; Clock MUX Protection                                                       ; On                 ; On                 ;
; Auto Gated Clock Conversion                                                ; Off                ; Off                ;
; Block Design Naming                                                        ; Auto               ; Auto               ;
; SDC constraint protection                                                  ; Off                ; Off                ;
; Synthesis Effort                                                           ; Auto               ; Auto               ;
; Shift Register Replacement - Allow Asynchronous Clear Signal               ; On                 ; On                 ;
; Pre-Mapping Resynthesis Optimization                                       ; Off                ; Off                ;
; Analysis & Synthesis Message Level                                         ; Medium             ; Medium             ;
; Disable Register Merging Across Hierarchies                                ; Auto               ; Auto               ;
; Resource Aware Inference For Block RAM                                     ; On                 ; On                 ;
+----------------------------------------------------------------------------+--------------------+--------------------+


+------------------------------------------+
; Parallel Compilation                     ;
+----------------------------+-------------+
; Processors                 ; Number      ;
+----------------------------+-------------+
; Number detected on machine ; 8           ;
; Maximum allowed            ; 4           ;
;                            ;             ;
; Average used               ; 1.00        ;
; Maximum used               ; 4           ;
;                            ;             ;
; Usage by Processor         ; % Time Used ;
;     Processor 1            ; 100.0%      ;
;     Processor 2            ;   0.0%      ;
;     Processors 3-4         ;   0.0%      ;
+----------------------------+-------------+


+--------------------------------------------------------------------------------------------------------------------------------------+
; Analysis & Synthesis Source Files Read                                                                                               ;
+----------------------------------+-----------------+------------------------+----------------------------------------------+---------+
; File Name with User-Entered Path ; Used in Netlist ; File Type              ; File Name with Absolute Path                 ; Library ;
+----------------------------------+-----------------+------------------------+----------------------------------------------+---------+
; chattering.v                     ; yes             ; User Verilog HDL File  ; C:/Users/momon/le3hw/chattering/chattering.v ;         ;
+----------------------------------+-----------------+------------------------+----------------------------------------------+---------+


+-----------------------------------------------------------+
; Analysis & Synthesis Resource Usage Summary               ;
+---------------------------------------------+-------------+
; Resource                                    ; Usage       ;
+---------------------------------------------+-------------+
; Estimated Total logic elements              ; 79          ;
;                                             ;             ;
; Total combinational functions               ; 79          ;
; Logic element usage by number of LUT inputs ;             ;
;     -- 4 input functions                    ; 27          ;
;     -- 3 input functions                    ; 9           ;
;     -- <=2 input functions                  ; 43          ;
;                                             ;             ;
; Logic elements by mode                      ;             ;
;     -- normal mode                          ; 49          ;
;     -- arithmetic mode                      ; 30          ;
;                                             ;             ;
; Total registers                             ; 43          ;
;     -- Dedicated logic registers            ; 43          ;
;     -- I/O registers                        ; 0           ;
;                                             ;             ;
; I/O pins                                    ; 16          ;
;                                             ;             ;
; Embedded Multiplier 9-bit elements          ; 0           ;
;                                             ;             ;
; Maximum fan-out node                        ; reset~input ;
; Maximum fan-out                             ; 54          ;
; Total fan-out                               ; 398         ;
; Average fan-out                             ; 2.58        ;
+---------------------------------------------+-------------+


+----------------------------------------------------------------------------------------------------------------------------------------------------------------------------------------------------------+
; Analysis & Synthesis Resource Utilization by Entity                                                                                                                                                      ;
+----------------------------+---------------------+---------------------------+-------------+--------------+---------+-----------+------+--------------+---------------------+-------------+--------------+
; Compilation Hierarchy Node ; Combinational ALUTs ; Dedicated Logic Registers ; Memory Bits ; DSP Elements ; DSP 9x9 ; DSP 18x18 ; Pins ; Virtual Pins ; Full Hierarchy Name ; Entity Name ; Library Name ;
+----------------------------+---------------------+---------------------------+-------------+--------------+---------+-----------+------+--------------+---------------------+-------------+--------------+
; |chattering                ; 79 (79)             ; 43 (43)                   ; 0           ; 0            ; 0       ; 0         ; 16   ; 0            ; |chattering         ; chattering  ; work         ;
+----------------------------+---------------------+---------------------------+-------------+--------------+---------+-----------+------+--------------+---------------------+-------------+--------------+
Note: For table entries with two numbers listed, the numbers in parentheses indicate the number of resources of the given type used by the specific entity alone. The numbers listed outside of parentheses indicate the total resources of the given type used by the specific entity and all of its sub-entities in the hierarchy.


+--------------------------------------------------------------------------------+
; Registers Removed During Synthesis                                             ;
+---------------------------------------+----------------------------------------+
; Register name                         ; Reason for Removal                     ;
+---------------------------------------+----------------------------------------+
; seg[0]~reg0                           ; Merged with sel[0]~reg0                ;
; sel[2]~reg0                           ; Merged with sel[3]~reg0                ;
; sel[1]~reg0                           ; Merged with sel[3]~reg0                ;
; sel[0]~reg0                           ; Stuck at GND due to stuck port data_in ;
; sel[3]~reg0                           ; Stuck at VCC due to stuck port data_in ;
; Total Number of Removed Registers = 5 ;                                        ;
+---------------------------------------+----------------------------------------+


+------------------------------------------------------+
; General Register Statistics                          ;
+----------------------------------------------+-------+
; Statistic                                    ; Value ;
+----------------------------------------------+-------+
; Total registers                              ; 43    ;
; Number of registers using Synchronous Clear  ; 24    ;
; Number of registers using Synchronous Load   ; 0     ;
; Number of registers using Asynchronous Clear ; 39    ;
; Number of registers using Asynchronous Load  ; 0     ;
; Number of registers using Clock Enable       ; 7     ;
; Number of registers using Preset             ; 0     ;
+----------------------------------------------+-------+


+-----------------------------------------------------+
; Post-Synthesis Netlist Statistics for Top Partition ;
+-----------------------+-----------------------------+
; Type                  ; Count                       ;
+-----------------------+-----------------------------+
; boundary_port         ; 16                          ;
; cycloneiii_ff         ; 43                          ;
;     CLR               ; 8                           ;
;     CLR SCLR          ; 24                          ;
;     ENA CLR           ; 7                           ;
;     plain             ; 4                           ;
; cycloneiii_lcell_comb ; 81                          ;
;     arith             ; 30                          ;
;         2 data inputs ; 30                          ;
;     normal            ; 51                          ;
;         0 data inputs ; 2                           ;
;         1 data inputs ; 2                           ;
;         2 data inputs ; 11                          ;
;         3 data inputs ; 9                           ;
;         4 data inputs ; 27                          ;
;                       ;                             ;
; Max LUT depth         ; 6.00                        ;
; Average LUT depth     ; 2.83                        ;
+-----------------------+-----------------------------+


+-------------------------------+
; Elapsed Time Per Partition    ;
+----------------+--------------+
; Partition Name ; Elapsed Time ;
+----------------+--------------+
; Top            ; 00:00:01     ;
+----------------+--------------+


+-------------------------------+
; Analysis & Synthesis Messages ;
+-------------------------------+
Info: *******************************************************************
Info: Running Quartus Prime Analysis & Synthesis
    Info: Version 17.1.0 Build 590 10/25/2017 SJ Lite Edition
    Info: Processing started: Thu Apr 15 15:33:27 2021
Info: Command: quartus_map --read_settings_files=on --write_settings_files=off chattering -c chattering
Warning (18236): Number of processors has not been specified which may cause overloading on shared machines.  Set the global assignment NUM_PARALLEL_PROCESSORS in your QSF to an appropriate value for best performance.
Info (20030): Parallel compilation is enabled and will use 4 of the 4 processors detected
Info (12021): Found 1 design units, including 1 entities, in source file chattering.v
    Info (12023): Found entity 1: chattering File: C:/Users/momon/le3hw/chattering/chattering.v Line: 1
Info (12127): Elaborating entity "chattering" for the top level hierarchy
Warning (10230): Verilog HDL assignment warning at chattering.v(47): truncated value with size 32 to match size of target (24) File: C:/Users/momon/le3hw/chattering/chattering.v Line: 47
Warning (10230): Verilog HDL assignment warning at chattering.v(49): truncated value with size 32 to match size of target (4) File: C:/Users/momon/le3hw/chattering/chattering.v Line: 49
Warning (10230): Verilog HDL assignment warning at chattering.v(54): truncated value with size 32 to match size of target (8) File: C:/Users/momon/le3hw/chattering/chattering.v Line: 54
Warning (10230): Verilog HDL assignment warning at chattering.v(67): truncated value with size 32 to match size of target (8) File: C:/Users/momon/le3hw/chattering/chattering.v Line: 67
Warning (10230): Verilog HDL assignment warning at chattering.v(72): truncated value with size 32 to match size of target (8) File: C:/Users/momon/le3hw/chattering/chattering.v Line: 72
Warning (10230): Verilog HDL assignment warning at chattering.v(77): truncated value with size 32 to match size of target (8) File: C:/Users/momon/le3hw/chattering/chattering.v Line: 77
Warning (10230): Verilog HDL assignment warning at chattering.v(85): truncated value with size 32 to match size of target (8) File: C:/Users/momon/le3hw/chattering/chattering.v Line: 85
Warning (13004): Presettable and clearable registers converted to equivalent circuits with latches. Registers power-up to an undefined state, and DEVCLRn places the registers in an undefined state.
    Warning (13310): Register "seg[1]~reg0" is converted into an equivalent circuit using register "seg[1]~reg0_emulated" and latch "seg[1]~1" File: C:/Users/momon/le3hw/chattering/chattering.v Line: 64
    Warning (13310): Register "seg[2]~reg0" is converted into an equivalent circuit using register "seg[2]~reg0_emulated" and latch "seg[2]~5" File: C:/Users/momon/le3hw/chattering/chattering.v Line: 64
    Warning (13310): Register "seg[3]~reg0" is converted into an equivalent circuit using register "seg[3]~reg0_emulated" and latch "seg[3]~9" File: C:/Users/momon/le3hw/chattering/chattering.v Line: 64
    Warning (13310): Register "seg[4]~reg0" is converted into an equivalent circuit using register "seg[4]~reg0_emulated" and latch "seg[4]~13" File: C:/Users/momon/le3hw/chattering/chattering.v Line: 64
    Warning (13310): Register "seg[5]~reg0" is converted into an equivalent circuit using register "seg[5]~reg0_emulated" and latch "seg[5]~17" File: C:/Users/momon/le3hw/chattering/chattering.v Line: 64
    Warning (13310): Register "seg[6]~reg0" is converted into an equivalent circuit using register "seg[6]~reg0_emulated" and latch "seg[6]~21" File: C:/Users/momon/le3hw/chattering/chattering.v Line: 64
    Warning (13310): Register "seg[7]~reg0" is converted into an equivalent circuit using register "seg[7]~reg0_emulated" and latch "seg[7]~25" File: C:/Users/momon/le3hw/chattering/chattering.v Line: 64
Warning (13024): Output pins are stuck at VCC or GND
    Warning (13410): Pin "seg[0]" is stuck at GND File: C:/Users/momon/le3hw/chattering/chattering.v Line: 64
    Warning (13410): Pin "sel[0]" is stuck at GND File: C:/Users/momon/le3hw/chattering/chattering.v Line: 64
    Warning (13410): Pin "sel[1]" is stuck at VCC File: C:/Users/momon/le3hw/chattering/chattering.v Line: 64
    Warning (13410): Pin "sel[2]" is stuck at VCC File: C:/Users/momon/le3hw/chattering/chattering.v Line: 64
    Warning (13410): Pin "sel[3]" is stuck at VCC File: C:/Users/momon/le3hw/chattering/chattering.v Line: 64
Info (286030): Timing-Driven Synthesis is running
Info (144001): Generated suppressed messages file C:/Users/momon/le3hw/chattering/output_files/chattering.map.smsg
Info (16010): Generating hard_block partition "hard_block:auto_generated_inst"
    Info (16011): Adding 0 node(s), including 0 DDIO, 0 PLL, 0 transceiver and 0 LCELL
Warning (21074): Design contains 1 input pin(s) that do not drive logic
    Warning (15610): No output dependent on input pin "clock" File: C:/Users/momon/le3hw/chattering/chattering.v Line: 4
Info (21057): Implemented 95 device resources after synthesis - the final resource count might be different
    Info (21058): Implemented 4 input pins
    Info (21059): Implemented 12 output pins
    Info (21061): Implemented 79 logic cells
Info: Quartus Prime Analysis & Synthesis was successful. 0 errors, 24 warnings
    Info: Peak virtual memory: 4799 megabytes
    Info: Processing ended: Thu Apr 15 15:33:50 2021
    Info: Elapsed time: 00:00:23
    Info: Total CPU time (on all processors): 00:00:46


+------------------------------------------+
; Analysis & Synthesis Suppressed Messages ;
+------------------------------------------+
The suppressed messages can be found in C:/Users/momon/le3hw/chattering/output_files/chattering.map.smsg.


